TN:
SF:server.js
FN:18,(anonymous_0)
FN:21,(anonymous_1)
FN:29,(anonymous_2)
FN:43,(anonymous_3)
FN:51,(anonymous_4)
FNF:5
FNH:2
FNDA:1,(anonymous_0)
FNDA:0,(anonymous_1)
FNDA:3,(anonymous_2)
FNDA:0,(anonymous_3)
FNDA:0,(anonymous_4)
DA:1,1
DA:3,1
DA:4,1
DA:5,1
DA:7,1
DA:9,1
DA:12,1
DA:19,1
DA:22,0
DA:23,0
DA:27,1
DA:29,1
DA:30,3
DA:31,3
DA:32,3
DA:36,3
DA:37,0
DA:39,3
DA:43,1
DA:44,0
DA:47,1
DA:49,1
DA:50,1
DA:51,0
DA:52,0
DA:56,1
LF:26
LH:20
BRDA:36,0,0,0
BRDA:36,0,1,3
BRDA:49,1,0,1
BRDA:49,1,1,1
BRDA:50,2,0,0
BRDA:50,2,1,1
BRF:6
BRH:4
end_of_record
TN:
SF:controllers\product.controller.js
FN:3,(anonymous_0)
FN:5,(anonymous_1)
FN:6,(anonymous_2)
FN:11,(anonymous_3)
FN:14,(anonymous_4)
FN:15,(anonymous_5)
FN:20,(anonymous_6)
FN:26,(anonymous_7)
FN:31,(anonymous_8)
FN:35,(anonymous_9)
FN:40,(anonymous_10)
FN:44,(anonymous_11)
FNF:12
FNH:3
FNDA:0,(anonymous_0)
FNDA:0,(anonymous_1)
FNDA:0,(anonymous_2)
FNDA:0,(anonymous_3)
FNDA:0,(anonymous_4)
FNDA:0,(anonymous_5)
FNDA:1,(anonymous_6)
FNDA:0,(anonymous_7)
FNDA:1,(anonymous_8)
FNDA:0,(anonymous_9)
FNDA:1,(anonymous_10)
FNDA:0,(anonymous_11)
DA:1,1
DA:3,1
DA:4,0
DA:5,0
DA:7,0
DA:11,1
DA:12,0
DA:13,0
DA:14,0
DA:16,0
DA:20,1
DA:21,1
DA:22,1
DA:23,1
DA:27,0
DA:31,1
DA:32,1
DA:33,1
DA:36,0
DA:40,1
DA:41,1
DA:42,1
DA:45,0
LF:23
LH:13
BRF:0
BRH:0
end_of_record
TN:
SF:models\product.model.js
FNF:0
FNH:0
DA:1,1
DA:2,1
DA:4,1
DA:16,1
DA:18,1
LF:5
LH:5
BRF:0
BRH:0
end_of_record
TN:
SF:routes\product.routes.js
FNF:0
FNH:0
DA:1,1
DA:2,1
DA:3,1
DA:5,1
DA:6,1
DA:7,1
DA:8,1
DA:9,1
DA:11,1
LF:9
LH:9
BRF:0
BRH:0
end_of_record
